[2024-12-16T17:43:01.455282+01:00] LogReparations.INFO: Conexion successfull [] []
[2024-12-16T17:43:01.559269+01:00] LogReparations.INFO: Conexion successfull [] []
[2024-12-16T17:58:58.632975+01:00] LogReparations.INFO: Conexion successfull [] []
[2024-12-16T17:58:58.637218+01:00] LogReparations.INFO: Conexion successfull [] []
[2024-12-18T17:17:39.883317+01:00] LogReparations.INFO: Conexion successfull [] []
[2024-12-18T17:17:39.981114+01:00] LogReparations.INFO: Conexion successfull [] []
[2024-12-18T17:45:35.041942+01:00] LogReparations.INFO: Conexion successfull [] []
[2024-12-18T17:45:35.131101+01:00] LogReparations.INFO: Conexion successfull [] []
[2024-12-18T17:45:50.528763+01:00] LogReparations.INFO: Conexion successfull [] []
[2024-12-18T17:45:50.532504+01:00] LogReparations.INFO: Conexion successfull [] []
[2024-12-18T17:46:27.777019+01:00] LogReparations.INFO: Conexion successfull [] []
[2024-12-18T17:46:27.780372+01:00] LogReparations.INFO: Conexion successfull [] []
[2024-12-18T17:48:19.443913+01:00] LogReparations.INFO: Conexion successfull [] []
[2024-12-18T17:48:19.448443+01:00] LogReparations.INFO: Conexion successfull [] []
[2024-12-18T18:20:39.323111+01:00] LogReparations.INFO: Conexion successfull [] []
[2024-12-18T18:20:39.328159+01:00] LogReparations.INFO: Conexion successfull [] []
[2024-12-18T18:21:12.006811+01:00] LogReparations.INFO: Conexion successfull [] []
[2024-12-18T18:21:12.012418+01:00] LogReparations.INFO: Conexion successfull [] []
[2024-12-18T18:35:12.921560+01:00] LogReparations.INFO: Conexion successfull [] []
[2024-12-18T18:35:12.926869+01:00] LogReparations.INFO: Conexion successfull [] []
[2024-12-18T18:35:12.928412+01:00] LogReparations.INFO: Reparation not found. [] []
[2024-12-18T18:35:16.525814+01:00] LogReparations.INFO: Conexion successfull [] []
[2024-12-18T18:35:16.532098+01:00] LogReparations.INFO: Conexion successfull [] []
[2024-12-18T18:35:16.532800+01:00] LogReparations.INFO: Get reparation successfull [] []
[2024-12-18T18:42:34.666214+01:00] LogReparations.INFO: Conexion successfull [] []
[2024-12-18T18:42:34.673398+01:00] LogReparations.INFO: Conexion successfull [] []
[2024-12-18T18:42:34.674302+01:00] LogReparations.INFO: Get reparation successfull [] []
[2024-12-18T18:43:51.473579+01:00] LogReparations.INFO: Conexion successfull [] []
[2024-12-18T18:43:51.480351+01:00] LogReparations.INFO: Conexion successfull [] []
[2024-12-18T18:43:51.481292+01:00] LogReparations.INFO: Get reparation successfull [] []
[2024-12-18T18:43:58.180740+01:00] LogReparations.INFO: Conexion successfull [] []
[2024-12-18T18:43:58.186336+01:00] LogReparations.INFO: Conexion successfull [] []
[2024-12-18T18:43:58.187090+01:00] LogReparations.INFO: Get reparation successfull [] []
[2024-12-18T18:44:20.564005+01:00] LogReparations.INFO: Conexion successfull [] []
[2024-12-18T18:44:20.569157+01:00] LogReparations.INFO: Conexion successfull [] []
[2024-12-18T18:44:20.569803+01:00] LogReparations.INFO: Get reparation successfull [] []
[2024-12-18T18:44:22.612969+01:00] LogReparations.INFO: Conexion successfull [] []
[2024-12-18T18:44:22.616950+01:00] LogReparations.INFO: Conexion successfull [] []
[2024-12-18T18:44:22.617622+01:00] LogReparations.INFO: Get reparation successfull [] []
[2024-12-18T18:44:32.110238+01:00] LogReparations.INFO: Conexion successfull [] []
[2024-12-18T18:44:32.114048+01:00] LogReparations.INFO: Conexion successfull [] []
[2024-12-18T18:44:32.114588+01:00] LogReparations.INFO: Reparation not found. [] []
[2024-12-18T18:44:39.064127+01:00] LogReparations.INFO: Conexion successfull [] []
[2024-12-18T18:44:39.068856+01:00] LogReparations.INFO: Conexion successfull [] []
[2024-12-18T18:44:39.069471+01:00] LogReparations.INFO: Get reparation successfull [] []
[2024-12-18T18:46:24.734006+01:00] LogReparations.INFO: Conexion successfull [] []
[2024-12-18T18:46:24.738275+01:00] LogReparations.INFO: Conexion successfull [] []
[2024-12-18T18:46:28.935613+01:00] LogReparations.INFO: Conexion successfull [] []
[2024-12-18T18:46:28.940022+01:00] LogReparations.INFO: Conexion successfull [] []
[2024-12-18T18:46:31.993904+01:00] LogReparations.INFO: Conexion successfull [] []
[2024-12-18T18:46:31.999127+01:00] LogReparations.INFO: Conexion successfull [] []
[2024-12-18T18:47:04.350521+01:00] LogReparations.INFO: Conexion successfull [] []
[2024-12-18T18:47:04.357009+01:00] LogReparations.INFO: Conexion successfull [] []
[2024-12-18T18:47:21.867365+01:00] LogReparations.INFO: Conexion successfull [] []
[2024-12-18T18:47:21.873789+01:00] LogReparations.INFO: Conexion successfull [] []
[2024-12-18T18:47:21.874510+01:00] LogReparations.INFO: Get reparation successfull [] []
[2024-12-18T18:48:07.353245+01:00] LogReparations.INFO: Conexion successfull [] []
[2024-12-18T18:48:07.357995+01:00] LogReparations.INFO: Conexion successfull [] []
[2024-12-18T18:48:07.358457+01:00] LogReparations.INFO: Reparation not found. [] []
[2024-12-18T18:54:50.491131+01:00] LogReparations.INFO: Conexion successfull [] []
[2024-12-18T18:54:50.495703+01:00] LogReparations.INFO: Conexion successfull [] []
[2024-12-18T18:54:50.496440+01:00] LogReparations.INFO: Reparation not found. [] []
[2024-12-18T18:56:51.132323+01:00] LogReparations.INFO: Conexion successfull [] []
[2024-12-18T18:56:51.136357+01:00] LogReparations.INFO: Conexion successfull [] []
[2024-12-18T18:56:51.136971+01:00] LogReparations.INFO: Reparation not found. [] []
[2024-12-18T18:57:06.760451+01:00] LogReparations.INFO: Conexion successfull [] []
[2024-12-18T18:57:06.763991+01:00] LogReparations.INFO: Conexion successfull [] []
[2024-12-18T18:57:06.764532+01:00] LogReparations.INFO: Get reparation successfull [] []
[2024-12-18T18:57:16.194645+01:00] LogReparations.INFO: Conexion successfull [] []
[2024-12-18T18:57:16.200091+01:00] LogReparations.INFO: Conexion successfull [] []
[2024-12-18T18:57:16.200851+01:00] LogReparations.INFO: Get reparation successfull [] []
[2024-12-18T18:57:33.188950+01:00] LogReparations.INFO: Conexion successfull [] []
[2024-12-18T18:57:33.202437+01:00] LogReparations.INFO: Conexion successfull [] []
[2024-12-18T18:57:33.202884+01:00] LogReparations.INFO: Get reparation successfull [] []
[2024-12-18T18:57:35.629788+01:00] LogReparations.INFO: Conexion successfull [] []
[2024-12-18T18:57:35.634877+01:00] LogReparations.INFO: Conexion successfull [] []
[2024-12-18T18:57:35.635563+01:00] LogReparations.INFO: Get reparation successfull [] []
[2024-12-18T18:57:37.399268+01:00] LogReparations.INFO: Conexion successfull [] []
[2024-12-18T18:57:37.405413+01:00] LogReparations.INFO: Conexion successfull [] []
[2024-12-18T18:57:37.406120+01:00] LogReparations.INFO: Get reparation successfull [] []
[2024-12-18T18:57:44.409935+01:00] LogReparations.INFO: Conexion successfull [] []
[2024-12-18T18:57:44.415975+01:00] LogReparations.INFO: Conexion successfull [] []
[2024-12-18T18:57:44.416604+01:00] LogReparations.INFO: Get reparation successfull [] []
[2024-12-18T18:57:55.679532+01:00] LogReparations.INFO: Conexion successfull [] []
[2024-12-18T18:57:55.683127+01:00] LogReparations.INFO: Conexion successfull [] []
[2024-12-18T18:57:55.683607+01:00] LogReparations.INFO: Get reparation successfull [] []
[2024-12-18T18:58:40.943617+01:00] LogReparations.INFO: Conexion successfull [] []
[2024-12-18T18:58:40.947417+01:00] LogReparations.INFO: Conexion successfull [] []
[2024-12-18T19:01:02.988651+01:00] LogReparations.INFO: Conexion successfull [] []
[2024-12-18T19:01:02.995066+01:00] LogReparations.INFO: Conexion successfull [] []
[2024-12-18T19:01:02.995884+01:00] LogReparations.INFO: Reparation not found. [] []
[2024-12-18T19:01:05.016813+01:00] LogReparations.INFO: Conexion successfull [] []
[2024-12-18T19:01:05.021261+01:00] LogReparations.INFO: Conexion successfull [] []
[2024-12-18T19:01:05.021965+01:00] LogReparations.INFO: Get reparation successfull [] []
[2024-12-18T19:01:07.445436+01:00] LogReparations.INFO: Conexion successfull [] []
[2024-12-18T19:01:07.450817+01:00] LogReparations.INFO: Conexion successfull [] []
[2024-12-18T19:01:07.451350+01:00] LogReparations.INFO: Reparation not found. [] []
[2024-12-20T16:14:33.778082+01:00] LogReparations.INFO: Conexion successfull [] []
[2024-12-20T16:14:35.429886+01:00] LogReparations.INFO: Conexion successfull [] []
[2024-12-20T16:14:35.430020+01:00] LogReparations.INFO: Reparation inserted correctly. [] []
[2024-12-20T16:15:15.030805+01:00] LogReparations.INFO: Conexion successfull [] []
[2024-12-20T16:15:15.049684+01:00] LogReparations.INFO: Conexion successfull [] []
[2024-12-20T16:15:15.049786+01:00] LogReparations.INFO: Reparation inserted correctly. [] []
[2024-12-20T16:15:39.283910+01:00] LogReparations.INFO: Conexion successfull [] []
[2024-12-20T16:15:39.294961+01:00] LogReparations.INFO: Conexion successfull [] []
[2024-12-20T16:15:39.296092+01:00] LogReparations.INFO: Reparation not found. [] []
[2024-12-20T16:15:53.225895+01:00] LogReparations.INFO: Conexion successfull [] []
[2024-12-20T16:15:53.229193+01:00] LogReparations.INFO: Conexion successfull [] []
[2024-12-20T16:15:53.229701+01:00] LogReparations.INFO: Get reparation successfull [] []
[2024-12-20T16:21:32.894668+01:00] LogReparations.INFO: Conexion successfull [] []
[2024-12-20T16:21:32.899165+01:00] LogReparations.INFO: Conexion successfull [] []
[2024-12-20T16:21:32.899749+01:00] LogReparations.INFO: Get reparation successfull [] []
[2024-12-20T16:21:32.902372+01:00] LogReparations.INFO: Conexion successfull [] []
[2024-12-20T16:21:32.927672+01:00] LogReparations.INFO: Conexion successfull [] []
[2024-12-20T16:21:32.927774+01:00] LogReparations.INFO: Reparation inserted correctly. [] []
[2024-12-20T16:24:25.001420+01:00] LogReparations.INFO: Conexion successfull [] []
[2024-12-20T16:24:25.005939+01:00] LogReparations.INFO: Conexion successfull [] []
[2024-12-20T16:24:25.006424+01:00] LogReparations.INFO: Get reparation successfull [] []
[2024-12-20T16:24:25.008597+01:00] LogReparations.INFO: Conexion successfull [] []
[2024-12-20T16:24:25.030350+01:00] LogReparations.INFO: Conexion successfull [] []
[2024-12-20T16:24:25.030451+01:00] LogReparations.INFO: Reparation inserted correctly. [] []
[2024-12-20T16:30:47.811321+01:00] LogReparations.INFO: Conexion successfull [] []
[2024-12-20T16:30:47.814892+01:00] LogReparations.INFO: Conexion successfull [] []
[2024-12-20T16:30:47.815420+01:00] LogReparations.INFO: Get reparation successfull [] []
[2024-12-20T16:30:47.817616+01:00] LogReparations.INFO: Conexion successfull [] []
[2024-12-20T16:30:47.838641+01:00] LogReparations.INFO: Conexion successfull [] []
[2024-12-20T16:30:47.838742+01:00] LogReparations.INFO: Reparation inserted correctly. [] []
[2024-12-20T16:31:09.322588+01:00] LogReparations.INFO: Conexion successfull [] []
[2024-12-20T16:31:09.328510+01:00] LogReparations.INFO: Conexion successfull [] []
[2024-12-20T16:31:09.329059+01:00] LogReparations.INFO: Get reparation successfull [] []
[2024-12-20T16:32:09.872305+01:00] LogReparations.INFO: Conexion successfull [] []
[2024-12-20T16:32:09.876360+01:00] LogReparations.INFO: Conexion successfull [] []
[2024-12-20T16:32:09.877170+01:00] LogReparations.INFO: Get reparation successfull [] []
[2024-12-20T16:32:15.196939+01:00] LogReparations.INFO: Conexion successfull [] []
[2024-12-20T16:32:15.202483+01:00] LogReparations.INFO: Conexion successfull [] []
[2024-12-20T16:32:15.203125+01:00] LogReparations.INFO: Get reparation successfull [] []
[2024-12-20T16:32:17.155187+01:00] LogReparations.INFO: Conexion successfull [] []
[2024-12-20T16:32:17.159981+01:00] LogReparations.INFO: Conexion successfull [] []
[2024-12-20T16:32:17.160790+01:00] LogReparations.INFO: Get reparation successfull [] []
[2024-12-20T16:32:17.732497+01:00] LogReparations.INFO: Conexion successfull [] []
[2024-12-20T16:32:17.737345+01:00] LogReparations.INFO: Conexion successfull [] []
[2024-12-20T16:32:17.737981+01:00] LogReparations.INFO: Get reparation successfull [] []
[2024-12-20T16:32:17.887497+01:00] LogReparations.INFO: Conexion successfull [] []
[2024-12-20T16:32:17.890535+01:00] LogReparations.INFO: Conexion successfull [] []
[2024-12-20T16:32:17.891078+01:00] LogReparations.INFO: Get reparation successfull [] []
[2024-12-20T16:32:18.012024+01:00] LogReparations.INFO: Conexion successfull [] []
[2024-12-20T16:32:18.015133+01:00] LogReparations.INFO: Conexion successfull [] []
[2024-12-20T16:32:18.015897+01:00] LogReparations.INFO: Get reparation successfull [] []
[2024-12-20T16:32:18.165686+01:00] LogReparations.INFO: Conexion successfull [] []
[2024-12-20T16:32:18.170051+01:00] LogReparations.INFO: Conexion successfull [] []
[2024-12-20T16:32:18.170771+01:00] LogReparations.INFO: Get reparation successfull [] []
[2024-12-20T16:32:55.906402+01:00] LogReparations.INFO: Conexion successfull [] []
[2024-12-20T16:32:55.910006+01:00] LogReparations.INFO: Conexion successfull [] []
[2024-12-20T16:32:55.910640+01:00] LogReparations.INFO: Get reparation successfull [] []
[2024-12-20T16:34:37.429702+01:00] LogReparations.INFO: Conexion successfull [] []
[2024-12-20T16:34:37.434053+01:00] LogReparations.INFO: Conexion successfull [] []
[2024-12-20T16:34:37.434701+01:00] LogReparations.INFO: Get reparation successfull [] []
[2024-12-20T16:34:54.658139+01:00] LogReparations.INFO: Conexion successfull [] []
[2024-12-20T16:34:54.662561+01:00] LogReparations.INFO: Conexion successfull [] []
[2024-12-20T16:34:54.663245+01:00] LogReparations.INFO: Get reparation successfull [] []
[2024-12-20T16:55:39.730478+01:00] LogReparations.INFO: Conexion successfull [] []
[2024-12-20T16:55:39.734002+01:00] LogReparations.INFO: Conexion successfull [] []
[2024-12-20T16:55:39.734675+01:00] LogReparations.INFO: Get reparation successfull [] []
[2024-12-20T16:56:19.397221+01:00] LogReparations.INFO: Conexion successfull [] []
[2024-12-20T16:56:19.400665+01:00] LogReparations.INFO: Conexion successfull [] []
[2024-12-20T16:56:19.401167+01:00] LogReparations.INFO: Get reparation successfull [] []
[2024-12-20T16:56:29.361038+01:00] LogReparations.INFO: Conexion successfull [] []
[2024-12-20T16:56:29.364115+01:00] LogReparations.INFO: Conexion successfull [] []
[2024-12-20T16:56:29.364618+01:00] LogReparations.INFO: Get reparation successfull [] []
[2024-12-20T16:56:40.324409+01:00] LogReparations.INFO: Conexion successfull [] []
[2024-12-20T16:56:40.328419+01:00] LogReparations.INFO: Conexion successfull [] []
[2024-12-20T16:56:40.329221+01:00] LogReparations.INFO: Get reparation successfull [] []
[2024-12-20T16:58:28.950751+01:00] LogReparations.INFO: Conexion successfull [] []
[2024-12-20T16:58:28.954229+01:00] LogReparations.INFO: Conexion successfull [] []
[2024-12-20T16:58:28.954901+01:00] LogReparations.INFO: Get reparation successfull [] []
[2024-12-20T17:03:23.406990+01:00] LogReparations.INFO: Conexion successfull [] []
[2024-12-20T17:03:23.410966+01:00] LogReparations.INFO: Conexion successfull [] []
[2024-12-20T17:03:23.411776+01:00] LogReparations.INFO: Get reparation successfull [] []
[2024-12-20T17:04:46.262208+01:00] LogReparations.INFO: Conexion successfull [] []
[2024-12-20T17:04:46.265566+01:00] LogReparations.INFO: Conexion successfull [] []
[2024-12-20T17:04:46.266518+01:00] LogReparations.INFO: Get reparation successfull [] []
[2024-12-20T17:06:25.304092+01:00] LogReparations.INFO: Conexion successfull [] []
[2024-12-20T17:06:25.308727+01:00] LogReparations.INFO: Conexion successfull [] []
[2024-12-20T17:06:25.309819+01:00] LogReparations.INFO: Get reparation successfull [] []
[2024-12-20T17:06:57.292301+01:00] LogReparations.INFO: Conexion successfull [] []
[2024-12-20T17:06:57.296041+01:00] LogReparations.INFO: Conexion successfull [] []
[2024-12-20T17:06:57.296613+01:00] LogReparations.INFO: Get reparation successfull [] []
[2024-12-20T17:12:34.785698+01:00] LogReparations.INFO: Conexion successfull [] []
[2024-12-20T17:12:34.789255+01:00] LogReparations.INFO: Conexion successfull [] []
[2024-12-20T17:12:34.789948+01:00] LogReparations.INFO: Get reparation successfull [] []
[2025-01-08T17:14:34.121144+01:00] LogReparations.INFO: Conexion successfull [] []
[2025-01-08T17:14:34.283310+01:00] LogReparations.INFO: Conexion successfull [] []
[2025-01-08T17:14:34.284128+01:00] LogReparations.INFO: Get reparation successfull [] []
[2025-01-08T17:15:29.137477+01:00] LogReparations.INFO: Conexion successfull [] []
[2025-01-08T17:15:29.153158+01:00] LogReparations.INFO: Conexion successfull [] []
[2025-01-08T17:15:29.154112+01:00] LogReparations.INFO: Get reparation successfull [] []
[2025-01-08T17:15:39.404266+01:00] LogReparations.INFO: Conexion successfull [] []
[2025-01-08T17:15:39.409800+01:00] LogReparations.INFO: Conexion successfull [] []
[2025-01-08T17:15:39.410735+01:00] LogReparations.INFO: Get reparation successfull [] []
[2025-01-08T17:43:12.442160+01:00] LogReparations.INFO: Conexion successfull [] []
[2025-01-08T17:43:12.591446+01:00] LogReparations.INFO: Conexion successfull [] []
[2025-01-08T17:43:12.592294+01:00] LogReparations.INFO: Get reparation successfull [] []
[2025-01-08T17:43:17.756020+01:00] LogReparations.INFO: Conexion successfull [] []
[2025-01-08T17:43:17.760831+01:00] LogReparations.INFO: Conexion successfull [] []
[2025-01-08T17:43:17.761364+01:00] LogReparations.INFO: Get reparation successfull [] []
[2025-01-08T17:43:18.593797+01:00] LogReparations.INFO: Conexion successfull [] []
[2025-01-08T17:43:18.597952+01:00] LogReparations.INFO: Conexion successfull [] []
[2025-01-08T17:43:18.598641+01:00] LogReparations.INFO: Get reparation successfull [] []
[2025-01-08T17:43:25.787912+01:00] LogReparations.INFO: Conexion successfull [] []
[2025-01-08T17:43:25.802004+01:00] LogReparations.INFO: Conexion successfull [] []
[2025-01-08T17:43:25.802674+01:00] LogReparations.INFO: Get reparation successfull [] []
[2025-01-08T17:43:26.795923+01:00] LogReparations.INFO: Conexion successfull [] []
[2025-01-08T17:43:26.801470+01:00] LogReparations.INFO: Conexion successfull [] []
[2025-01-08T17:43:26.802232+01:00] LogReparations.INFO: Get reparation successfull [] []
[2025-01-08T17:43:27.035158+01:00] LogReparations.INFO: Conexion successfull [] []
[2025-01-08T17:43:27.038646+01:00] LogReparations.INFO: Conexion successfull [] []
[2025-01-08T17:43:27.039297+01:00] LogReparations.INFO: Get reparation successfull [] []
[2025-01-08T17:43:27.297220+01:00] LogReparations.INFO: Conexion successfull [] []
[2025-01-08T17:43:27.302039+01:00] LogReparations.INFO: Conexion successfull [] []
[2025-01-08T17:43:27.302688+01:00] LogReparations.INFO: Get reparation successfull [] []
[2025-01-08T17:43:27.770218+01:00] LogReparations.INFO: Conexion successfull [] []
[2025-01-08T17:43:27.774404+01:00] LogReparations.INFO: Conexion successfull [] []
[2025-01-08T17:43:27.775089+01:00] LogReparations.INFO: Get reparation successfull [] []
[2025-01-08T17:43:27.978240+01:00] LogReparations.INFO: Conexion successfull [] []
[2025-01-08T17:43:27.983062+01:00] LogReparations.INFO: Conexion successfull [] []
[2025-01-08T17:43:27.984208+01:00] LogReparations.INFO: Get reparation successfull [] []
[2025-01-08T17:43:28.172846+01:00] LogReparations.INFO: Conexion successfull [] []
[2025-01-08T17:43:28.176605+01:00] LogReparations.INFO: Conexion successfull [] []
[2025-01-08T17:43:28.177200+01:00] LogReparations.INFO: Get reparation successfull [] []
[2025-01-08T17:43:39.497026+01:00] LogReparations.INFO: Conexion successfull [] []
[2025-01-08T17:43:39.501470+01:00] LogReparations.INFO: Conexion successfull [] []
[2025-01-08T17:43:39.502167+01:00] LogReparations.INFO: Get reparation successfull [] []
[2025-01-08T17:43:58.201356+01:00] LogReparations.INFO: Conexion successfull [] []
[2025-01-08T17:43:58.204668+01:00] LogReparations.INFO: Conexion successfull [] []
[2025-01-08T17:43:58.205345+01:00] LogReparations.INFO: Get reparation successfull [] []
[2025-01-08T17:46:10.768461+01:00] LogReparations.INFO: Conexion successfull [] []
[2025-01-08T17:46:10.772603+01:00] LogReparations.INFO: Conexion successfull [] []
[2025-01-08T17:46:10.773311+01:00] LogReparations.INFO: Get reparation successfull [] []
[2025-01-08T17:46:22.918790+01:00] LogReparations.INFO: Conexion successfull [] []
[2025-01-08T17:46:22.923487+01:00] LogReparations.INFO: Conexion successfull [] []
[2025-01-08T17:46:22.924794+01:00] LogReparations.INFO: Get reparation successfull [] []
[2025-01-08T17:46:31.063488+01:00] LogReparations.INFO: Conexion successfull [] []
[2025-01-08T17:46:31.068918+01:00] LogReparations.INFO: Conexion successfull [] []
[2025-01-08T17:46:31.069610+01:00] LogReparations.INFO: Get reparation successfull [] []
[2025-01-08T17:47:22.876827+01:00] LogReparations.INFO: Conexion successfull [] []
[2025-01-08T17:47:22.882185+01:00] LogReparations.INFO: Conexion successfull [] []
[2025-01-08T17:47:22.882951+01:00] LogReparations.INFO: Get reparation successfull [] []
[2025-01-08T17:51:54.107126+01:00] LogReparations.INFO: Conexion successfull [] []
[2025-01-08T17:51:54.111800+01:00] LogReparations.INFO: Conexion successfull [] []
[2025-01-08T17:51:54.112731+01:00] LogReparations.INFO: Get reparation successfull [] []
[2025-01-08T17:52:26.272145+01:00] LogReparations.INFO: Conexion successfull [] []
[2025-01-08T17:52:26.277554+01:00] LogReparations.INFO: Conexion successfull [] []
[2025-01-08T17:52:26.278305+01:00] LogReparations.INFO: Get reparation successfull [] []
[2025-01-08T18:32:49.778147+01:00] LogReparations.INFO: Conexion successfull [] []
[2025-01-08T18:32:49.782029+01:00] LogReparations.INFO: Conexion successfull [] []
[2025-01-08T18:32:49.782957+01:00] LogReparations.INFO: Get reparation successfull [] []
[2025-01-08T18:34:02.955046+01:00] LogReparations.INFO: Conexion successfull [] []
[2025-01-08T18:34:02.958657+01:00] LogReparations.INFO: Conexion successfull [] []
[2025-01-08T18:34:02.959345+01:00] LogReparations.INFO: Get reparation successfull [] []
[2025-01-08T18:34:08.247212+01:00] LogReparations.INFO: Conexion successfull [] []
[2025-01-08T18:34:08.250319+01:00] LogReparations.INFO: Conexion successfull [] []
[2025-01-08T18:34:08.250873+01:00] LogReparations.INFO: Get reparation successfull [] []
[2025-01-08T18:35:17.293106+01:00] LogReparations.INFO: Conexion successfull [] []
[2025-01-08T18:35:17.296677+01:00] LogReparations.INFO: Conexion successfull [] []
[2025-01-08T18:35:17.297348+01:00] LogReparations.INFO: Get reparation successfull [] []
[2025-01-08T18:38:34.319615+01:00] LogReparations.INFO: Conexion successfull [] []
[2025-01-08T18:38:34.323407+01:00] LogReparations.INFO: Conexion successfull [] []
[2025-01-08T18:38:34.323991+01:00] LogReparations.INFO: Get reparation successfull [] []
[2025-01-08T18:39:35.027262+01:00] LogReparations.INFO: Conexion successfull [] []
[2025-01-08T18:39:35.032425+01:00] LogReparations.INFO: Conexion successfull [] []
[2025-01-08T18:39:35.033008+01:00] LogReparations.INFO: Get reparation successfull [] []
[2025-01-08T18:39:40.068255+01:00] LogReparations.INFO: Conexion successfull [] []
[2025-01-08T18:39:40.072689+01:00] LogReparations.INFO: Conexion successfull [] []
[2025-01-08T18:39:40.073170+01:00] LogReparations.INFO: Get reparation successfull [] []
[2025-01-08T18:43:34.487132+01:00] LogReparations.INFO: Conexion successfull [] []
[2025-01-08T18:43:34.490819+01:00] LogReparations.INFO: Conexion successfull [] []
[2025-01-08T18:43:34.491464+01:00] LogReparations.INFO: Reparation not found. [] []
[2025-01-08T18:43:36.266381+01:00] LogReparations.INFO: Conexion successfull [] []
[2025-01-08T18:43:36.269704+01:00] LogReparations.INFO: Conexion successfull [] []
[2025-01-08T18:43:36.270348+01:00] LogReparations.INFO: Get reparation successfull [] []
[2025-01-08T18:51:43.697776+01:00] LogReparations.INFO: Conexion successfull [] []
[2025-01-08T18:51:43.701481+01:00] LogReparations.INFO: Conexion successfull [] []
[2025-01-08T18:51:43.702151+01:00] LogReparations.INFO: Get reparation successfull [] []
[2025-01-08T18:52:55.486692+01:00] LogReparations.INFO: Conexion successfull [] []
[2025-01-08T18:52:55.490147+01:00] LogReparations.INFO: Conexion successfull [] []
[2025-01-08T18:52:55.490634+01:00] LogReparations.INFO: Get reparation successfull [] []
[2025-01-08T18:52:58.085912+01:00] LogReparations.INFO: Conexion successfull [] []
[2025-01-08T18:52:58.098654+01:00] LogReparations.INFO: Conexion successfull [] []
[2025-01-08T18:52:58.099382+01:00] LogReparations.INFO: Reparation not found. [] []
[2025-01-08T18:53:16.158450+01:00] LogReparations.INFO: Conexion successfull [] []
[2025-01-08T18:53:16.162746+01:00] LogReparations.INFO: Conexion successfull [] []
[2025-01-08T18:53:16.163474+01:00] LogReparations.INFO: Get reparation successfull [] []
[2025-01-08T18:53:38.090983+01:00] LogReparations.INFO: Conexion successfull [] []
[2025-01-08T18:53:38.094297+01:00] LogReparations.INFO: Conexion successfull [] []
[2025-01-08T18:53:38.094879+01:00] LogReparations.INFO: Get reparation successfull [] []
[2025-01-08T18:54:03.714504+01:00] LogReparations.INFO: Conexion successfull [] []
[2025-01-08T18:54:03.718413+01:00] LogReparations.INFO: Conexion successfull [] []
[2025-01-08T18:54:03.718984+01:00] LogReparations.INFO: Get reparation successfull [] []
[2025-01-08T18:54:24.215335+01:00] LogReparations.INFO: Conexion successfull [] []
[2025-01-08T18:54:24.220066+01:00] LogReparations.INFO: Conexion successfull [] []
[2025-01-08T18:54:24.220693+01:00] LogReparations.INFO: Get reparation successfull [] []
[2025-01-08T18:54:42.125318+01:00] LogReparations.INFO: Conexion successfull [] []
[2025-01-08T18:54:42.128419+01:00] LogReparations.INFO: Conexion successfull [] []
[2025-01-08T18:54:42.129048+01:00] LogReparations.INFO: Get reparation successfull [] []
[2025-01-08T18:54:47.132371+01:00] LogReparations.INFO: Conexion successfull [] []
[2025-01-08T18:54:47.135396+01:00] LogReparations.INFO: Conexion successfull [] []
[2025-01-08T18:54:47.135909+01:00] LogReparations.INFO: Reparation not found. [] []
[2025-01-08T18:54:49.594105+01:00] LogReparations.INFO: Conexion successfull [] []
[2025-01-08T18:54:49.597627+01:00] LogReparations.INFO: Conexion successfull [] []
[2025-01-08T18:54:49.598191+01:00] LogReparations.INFO: Get reparation successfull [] []
[2025-01-08T18:54:53.138786+01:00] LogReparations.INFO: Conexion successfull [] []
[2025-01-08T18:54:53.142346+01:00] LogReparations.INFO: Conexion successfull [] []
[2025-01-08T18:54:53.142868+01:00] LogReparations.INFO: Get reparation successfull [] []
[2025-01-08T18:54:55.442779+01:00] LogReparations.INFO: Conexion successfull [] []
[2025-01-08T18:54:55.446189+01:00] LogReparations.INFO: Conexion successfull [] []
[2025-01-08T18:54:55.446734+01:00] LogReparations.INFO: Get reparation successfull [] []
[2025-01-08T18:55:16.732207+01:00] LogReparations.INFO: Conexion successfull [] []
[2025-01-08T18:55:16.736432+01:00] LogReparations.INFO: Conexion successfull [] []
[2025-01-08T18:55:16.737441+01:00] LogReparations.INFO: Get reparation successfull [] []
[2025-01-08T18:55:27.410958+01:00] LogReparations.INFO: Conexion successfull [] []
[2025-01-08T18:55:27.415146+01:00] LogReparations.INFO: Conexion successfull [] []
[2025-01-08T18:55:27.415761+01:00] LogReparations.INFO: Get reparation successfull [] []
[2025-01-08T18:55:36.884430+01:00] LogReparations.INFO: Conexion successfull [] []
[2025-01-08T18:55:36.888466+01:00] LogReparations.INFO: Conexion successfull [] []
[2025-01-08T18:55:36.889230+01:00] LogReparations.INFO: Get reparation successfull [] []
[2025-01-08T18:55:54.661585+01:00] LogReparations.INFO: Conexion successfull [] []
[2025-01-08T18:55:54.664656+01:00] LogReparations.INFO: Conexion successfull [] []
[2025-01-08T18:55:54.665219+01:00] LogReparations.INFO: Get reparation successfull [] []
[2025-01-08T18:55:58.179468+01:00] LogReparations.INFO: Conexion successfull [] []
[2025-01-08T18:55:58.184136+01:00] LogReparations.INFO: Conexion successfull [] []
[2025-01-08T18:55:58.184782+01:00] LogReparations.INFO: Get reparation successfull [] []
[2025-01-08T18:56:08.290706+01:00] LogReparations.INFO: Conexion successfull [] []
[2025-01-08T18:56:08.295250+01:00] LogReparations.INFO: Conexion successfull [] []
[2025-01-08T18:56:08.295956+01:00] LogReparations.INFO: Get reparation successfull [] []
[2025-01-08T18:56:22.235154+01:00] LogReparations.INFO: Conexion successfull [] []
[2025-01-08T18:56:22.239571+01:00] LogReparations.INFO: Conexion successfull [] []
[2025-01-08T18:56:22.240146+01:00] LogReparations.INFO: Get reparation successfull [] []
[2025-01-08T18:56:29.104337+01:00] LogReparations.INFO: Conexion successfull [] []
[2025-01-08T18:56:29.107589+01:00] LogReparations.INFO: Conexion successfull [] []
[2025-01-08T18:56:29.108554+01:00] LogReparations.INFO: Get reparation successfull [] []
[2025-01-08T18:56:57.216651+01:00] LogReparations.INFO: Conexion successfull [] []
[2025-01-08T18:56:57.221643+01:00] LogReparations.INFO: Conexion successfull [] []
[2025-01-08T18:56:57.222323+01:00] LogReparations.INFO: Get reparation successfull [] []
[2025-01-08T18:57:14.867630+01:00] LogReparations.INFO: Conexion successfull [] []
[2025-01-08T18:57:14.871562+01:00] LogReparations.INFO: Conexion successfull [] []
[2025-01-08T18:57:14.872511+01:00] LogReparations.INFO: Get reparation successfull [] []
[2025-01-08T18:57:35.475186+01:00] LogReparations.INFO: Conexion successfull [] []
[2025-01-08T18:57:35.479995+01:00] LogReparations.INFO: Conexion successfull [] []
[2025-01-08T18:57:35.480627+01:00] LogReparations.INFO: Get reparation successfull [] []
[2025-01-08T18:57:40.853386+01:00] LogReparations.INFO: Conexion successfull [] []
[2025-01-08T18:57:40.857134+01:00] LogReparations.INFO: Conexion successfull [] []
[2025-01-08T18:57:40.857751+01:00] LogReparations.INFO: Get reparation successfull [] []
[2025-01-08T18:58:05.819770+01:00] LogReparations.INFO: Conexion successfull [] []
[2025-01-08T18:58:05.824718+01:00] LogReparations.INFO: Conexion successfull [] []
[2025-01-08T18:58:05.825265+01:00] LogReparations.INFO: Get reparation successfull [] []
[2025-01-08T18:58:21.497732+01:00] LogReparations.INFO: Conexion successfull [] []
[2025-01-08T18:58:21.500702+01:00] LogReparations.INFO: Conexion successfull [] []
[2025-01-08T18:58:21.501261+01:00] LogReparations.INFO: Get reparation successfull [] []
[2025-01-08T18:58:28.783543+01:00] LogReparations.INFO: Conexion successfull [] []
[2025-01-08T18:58:28.787240+01:00] LogReparations.INFO: Conexion successfull [] []
[2025-01-08T18:58:28.787854+01:00] LogReparations.INFO: Get reparation successfull [] []
[2025-01-08T19:02:57.116613+01:00] LogReparations.INFO: Conexion successfull [] []
[2025-01-08T19:02:57.129025+01:00] LogReparations.INFO: Conexion successfull [] []
[2025-01-08T19:02:57.130266+01:00] LogReparations.INFO: Get reparation successfull [] []
[2025-01-08T19:03:04.540802+01:00] LogReparations.INFO: Conexion successfull [] []
[2025-01-08T19:03:04.544226+01:00] LogReparations.INFO: Conexion successfull [] []
[2025-01-08T19:03:04.544805+01:00] LogReparations.INFO: Get reparation successfull [] []
[2025-01-08T19:03:54.007025+01:00] LogReparations.INFO: Conexion successfull [] []
[2025-01-08T19:03:54.010718+01:00] LogReparations.INFO: Conexion successfull [] []
[2025-01-08T19:03:54.011506+01:00] LogReparations.INFO: Get reparation successfull [] []
[2025-01-08T19:07:14.615755+01:00] LogReparations.INFO: Conexion successfull [] []
[2025-01-08T19:07:14.620739+01:00] LogReparations.INFO: Conexion successfull [] []
[2025-01-08T19:07:14.621490+01:00] LogReparations.INFO: Get reparation successfull [] []
[2025-01-08T19:07:29.388981+01:00] LogReparations.INFO: Conexion successfull [] []
[2025-01-08T19:07:29.392382+01:00] LogReparations.INFO: Conexion successfull [] []
[2025-01-08T19:07:29.392928+01:00] LogReparations.INFO: Get reparation successfull [] []
[2025-01-08T19:08:03.305008+01:00] LogReparations.INFO: Conexion successfull [] []
[2025-01-08T19:08:03.308097+01:00] LogReparations.INFO: Conexion successfull [] []
[2025-01-08T19:08:03.308757+01:00] LogReparations.INFO: Get reparation successfull [] []
[2025-01-08T19:08:19.542530+01:00] LogReparations.INFO: Conexion successfull [] []
[2025-01-08T19:08:19.545628+01:00] LogReparations.INFO: Conexion successfull [] []
[2025-01-08T19:08:19.546195+01:00] LogReparations.INFO: Get reparation successfull [] []
[2025-01-08T19:08:28.681448+01:00] LogReparations.INFO: Conexion successfull [] []
[2025-01-08T19:08:28.685600+01:00] LogReparations.INFO: Conexion successfull [] []
[2025-01-08T19:08:28.686262+01:00] LogReparations.INFO: Get reparation successfull [] []
[2025-01-08T19:08:42.642507+01:00] LogReparations.INFO: Conexion successfull [] []
[2025-01-08T19:08:42.645608+01:00] LogReparations.INFO: Conexion successfull [] []
[2025-01-08T19:08:42.646224+01:00] LogReparations.INFO: Get reparation successfull [] []
[2025-01-08T19:08:58.322549+01:00] LogReparations.INFO: Conexion successfull [] []
[2025-01-08T19:08:58.326510+01:00] LogReparations.INFO: Conexion successfull [] []
[2025-01-08T19:08:58.327107+01:00] LogReparations.INFO: Get reparation successfull [] []
[2025-01-08T19:09:11.265117+01:00] LogReparations.INFO: Conexion successfull [] []
[2025-01-08T19:09:11.268444+01:00] LogReparations.INFO: Conexion successfull [] []
[2025-01-08T19:09:11.269138+01:00] LogReparations.INFO: Get reparation successfull [] []
[2025-01-08T19:09:20.876337+01:00] LogReparations.INFO: Conexion successfull [] []
[2025-01-08T19:09:20.881350+01:00] LogReparations.INFO: Conexion successfull [] []
[2025-01-08T19:09:20.881915+01:00] LogReparations.INFO: Get reparation successfull [] []
[2025-01-08T19:09:38.577793+01:00] LogReparations.INFO: Conexion successfull [] []
[2025-01-08T19:09:38.582668+01:00] LogReparations.INFO: Conexion successfull [] []
[2025-01-08T19:09:38.583249+01:00] LogReparations.INFO: Get reparation successfull [] []
[2025-01-08T19:09:43.940864+01:00] LogReparations.INFO: Conexion successfull [] []
[2025-01-08T19:09:43.943839+01:00] LogReparations.INFO: Conexion successfull [] []
[2025-01-08T19:09:43.944378+01:00] LogReparations.INFO: Get reparation successfull [] []
[2025-01-08T19:09:58.375847+01:00] LogReparations.INFO: Conexion successfull [] []
[2025-01-08T19:09:58.380638+01:00] LogReparations.INFO: Conexion successfull [] []
[2025-01-08T19:09:58.381521+01:00] LogReparations.INFO: Get reparation successfull [] []
[2025-01-08T19:10:11.099489+01:00] LogReparations.INFO: Conexion successfull [] []
[2025-01-08T19:10:11.102565+01:00] LogReparations.INFO: Conexion successfull [] []
[2025-01-08T19:10:11.103086+01:00] LogReparations.INFO: Get reparation successfull [] []
[2025-01-08T19:10:31.439581+01:00] LogReparations.INFO: Conexion successfull [] []
[2025-01-08T19:10:31.442551+01:00] LogReparations.INFO: Conexion successfull [] []
[2025-01-08T19:10:31.443077+01:00] LogReparations.INFO: Get reparation successfull [] []
[2025-01-08T19:10:52.534557+01:00] LogReparations.INFO: Conexion successfull [] []
[2025-01-08T19:10:52.539747+01:00] LogReparations.INFO: Conexion successfull [] []
[2025-01-08T19:10:52.540555+01:00] LogReparations.INFO: Get reparation successfull [] []
[2025-01-08T19:12:59.828923+01:00] LogReparations.INFO: Conexion successfull [] []
[2025-01-08T19:12:59.834313+01:00] LogReparations.INFO: Conexion successfull [] []
[2025-01-08T19:12:59.834882+01:00] LogReparations.INFO: Get reparation successfull [] []
[2025-01-08T19:13:20.541137+01:00] LogReparations.INFO: Conexion successfull [] []
[2025-01-08T19:13:20.544639+01:00] LogReparations.INFO: Conexion successfull [] []
[2025-01-08T19:13:20.545206+01:00] LogReparations.INFO: Get reparation successfull [] []
[2025-01-08T19:13:34.650853+01:00] LogReparations.INFO: Conexion successfull [] []
[2025-01-08T19:13:34.654141+01:00] LogReparations.INFO: Conexion successfull [] []
[2025-01-08T19:13:34.654693+01:00] LogReparations.INFO: Get reparation successfull [] []
[2025-01-08T19:13:51.413036+01:00] LogReparations.INFO: Conexion successfull [] []
[2025-01-08T19:13:51.417207+01:00] LogReparations.INFO: Conexion successfull [] []
[2025-01-08T19:13:51.417920+01:00] LogReparations.INFO: Get reparation successfull [] []
[2025-01-08T19:14:01.071331+01:00] LogReparations.INFO: Conexion successfull [] []
[2025-01-08T19:14:01.075417+01:00] LogReparations.INFO: Conexion successfull [] []
[2025-01-08T19:14:01.076522+01:00] LogReparations.INFO: Get reparation successfull [] []
[2025-01-08T19:14:01.453671+01:00] LogReparations.INFO: Conexion successfull [] []
[2025-01-08T19:14:01.456703+01:00] LogReparations.INFO: Conexion successfull [] []
[2025-01-08T19:14:01.457368+01:00] LogReparations.INFO: Get reparation successfull [] []
[2025-01-08T19:15:31.474215+01:00] LogReparations.INFO: Conexion successfull [] []
[2025-01-08T19:15:31.478243+01:00] LogReparations.INFO: Conexion successfull [] []
[2025-01-08T19:15:31.478983+01:00] LogReparations.INFO: Get reparation successfull [] []
[2025-01-08T19:16:23.814095+01:00] LogReparations.INFO: Conexion successfull [] []
[2025-01-08T19:16:23.819338+01:00] LogReparations.INFO: Conexion successfull [] []
[2025-01-08T19:16:23.820310+01:00] LogReparations.INFO: Get reparation successfull [] []
[2025-01-08T19:16:24.142042+01:00] LogReparations.INFO: Conexion successfull [] []
[2025-01-08T19:16:25.851786+01:00] LogReparations.INFO: Conexion successfull [] []
[2025-01-08T19:16:25.851892+01:00] LogReparations.INFO: Reparation inserted correctly. [] []
[2025-01-08T19:16:39.436639+01:00] LogReparations.INFO: Conexion successfull [] []
[2025-01-08T19:16:39.440449+01:00] LogReparations.INFO: Conexion successfull [] []
[2025-01-08T19:16:39.441175+01:00] LogReparations.INFO: Get reparation successfull [] []
[2025-01-08T19:16:46.761563+01:00] LogReparations.INFO: Conexion successfull [] []
[2025-01-08T19:16:46.764593+01:00] LogReparations.INFO: Conexion successfull [] []
[2025-01-08T19:16:46.765213+01:00] LogReparations.INFO: Get reparation successfull [] []
[2025-01-08T19:17:28.960901+01:00] LogReparations.INFO: Conexion successfull [] []
[2025-01-08T19:17:28.964755+01:00] LogReparations.INFO: Conexion successfull [] []
[2025-01-08T19:17:28.965719+01:00] LogReparations.INFO: Get reparation successfull [] []
[2025-01-08T19:17:49.389173+01:00] LogReparations.INFO: Conexion successfull [] []
[2025-01-08T19:17:49.392271+01:00] LogReparations.INFO: Conexion successfull [] []
[2025-01-08T19:17:49.392910+01:00] LogReparations.INFO: Get reparation successfull [] []
[2025-01-08T19:18:07.345797+01:00] LogReparations.INFO: Conexion successfull [] []
[2025-01-08T19:18:07.349021+01:00] LogReparations.INFO: Conexion successfull [] []
[2025-01-08T19:18:07.349853+01:00] LogReparations.INFO: Get reparation successfull [] []
[2025-01-08T19:23:13.405805+01:00] LogReparations.INFO: Conexion successfull [] []
[2025-01-08T19:23:13.408927+01:00] LogReparations.INFO: Get reparation successfull [] []
[2025-01-08T19:39:41.575247+01:00] LogReparations.INFO: Conexion successfull [] []
[2025-01-08T19:39:41.578510+01:00] LogReparations.INFO: Get reparation successfull [] []
[2025-01-08T19:40:44.068099+01:00] LogReparations.INFO: Conexion successfull [] []
[2025-01-08T19:40:44.070941+01:00] LogReparations.INFO: Get reparation successfull [] []
[2025-01-08T19:41:02.065083+01:00] LogReparations.INFO: Conexion successfull [] []
[2025-01-08T19:41:02.068050+01:00] LogReparations.INFO: Get reparation successfull [] []
[2025-01-08T19:41:19.748697+01:00] LogReparations.INFO: Conexion successfull [] []
[2025-01-08T19:41:19.751692+01:00] LogReparations.INFO: Get reparation successfull [] []
[2025-01-08T19:46:51.444721+01:00] LogReparations.INFO: Conexion successfull [] []
[2025-01-08T19:46:51.447489+01:00] LogReparations.INFO: Reparation inserted correctly. [] []
[2025-01-08T19:47:02.584789+01:00] LogReparations.INFO: Conexion successfull [] []
[2025-01-08T19:47:02.588947+01:00] LogReparations.INFO: Get reparation successfull [] []
[2025-01-08T19:47:56.537522+01:00] LogReparations.INFO: Conexion successfull [] []
[2025-01-08T19:47:56.540001+01:00] LogReparations.INFO: Get reparation successfull [] []
[2025-01-08T19:47:59.770107+01:00] LogReparations.INFO: Conexion successfull [] []
[2025-01-08T19:47:59.773138+01:00] LogReparations.INFO: Get reparation successfull [] []
[2025-01-08T19:58:09.986038+01:00] LogReparations.INFO: Conexion successfull [] []
[2025-01-08T19:58:09.990375+01:00] LogReparations.INFO: Reparation inserted correctly. [] []
[2025-01-08T20:02:41.648212+01:00] LogReparations.INFO: Conexion successfull [] []
[2025-01-08T20:02:41.650687+01:00] LogReparations.INFO: Reparation inserted correctly. [] []
